{
	"/Users/andelarwanda/Desktop/oliviertech/frontend/ecommerce-app-champions-fe/src/pages/Home.jsx": {
		"path": "/Users/andelarwanda/Desktop/oliviertech/frontend/ecommerce-app-champions-fe/src/pages/Home.jsx",
		"all": false,
		"statementMap": {
			"0": {
				"start": { "line": 1, "column": 0 },
				"end": { "line": 1, "column": 20 }
			},
			"1": {
				"start": { "line": 2, "column": 0 },
				"end": { "line": 2, "column": 9 }
			},
			"2": {
				"start": { "line": 3, "column": 0 },
				"end": { "line": 3, "column": 7 }
			},
			"3": {
				"start": { "line": 4, "column": 0 },
				"end": { "line": 4, "column": 47 }
			},
			"4": {
				"start": { "line": 5, "column": 0 },
				"end": { "line": 5, "column": 8 }
			},
			"5": {
				"start": { "line": 6, "column": 0 },
				"end": { "line": 6, "column": 3 }
			},
			"6": {
				"start": { "line": 7, "column": 0 },
				"end": { "line": 7, "column": 2 }
			},
			"7": {
				"start": { "line": 8, "column": 0 },
				"end": { "line": 8, "column": 0 }
			},
			"8": {
				"start": { "line": 9, "column": 0 },
				"end": { "line": 9, "column": 20 }
			}
		},
		"s": {
			"0": 1,
			"1": 1,
			"2": 1,
			"3": 1,
			"4": 1,
			"5": 1,
			"6": 1,
			"7": 1,
			"8": 1
		},
		"branchMap": {
			"0": {
				"type": "branch",
				"line": 1,
				"loc": {
					"start": { "line": 1, "column": 13 },
					"end": { "line": 7, "column": 2 }
				},
				"locations": [
					{
						"start": { "line": 1, "column": 13 },
						"end": { "line": 7, "column": 2 }
					}
				]
			}
		},
		"b": { "0": [1] },
		"fnMap": {
			"0": {
				"name": "Home",
				"decl": {
					"start": { "line": 1, "column": 13 },
					"end": { "line": 7, "column": 2 }
				},
				"loc": {
					"start": { "line": 1, "column": 13 },
					"end": { "line": 7, "column": 2 }
				},
				"line": 1
			}
		},
		"f": { "0": 1 }
	},
	"/Users/andelarwanda/Desktop/oliviertech/frontend/ecommerce-app-champions-fe/src/pages/Login.jsx": {
		"path": "/Users/andelarwanda/Desktop/oliviertech/frontend/ecommerce-app-champions-fe/src/pages/Login.jsx",
		"all": false,
		"statementMap": {
			"0": {
				"start": { "line": 1, "column": 0 },
				"end": { "line": 1, "column": 21 }
			},
			"1": {
				"start": { "line": 2, "column": 0 },
				"end": { "line": 2, "column": 9 }
			},
			"2": {
				"start": { "line": 3, "column": 0 },
				"end": { "line": 3, "column": 7 }
			},
			"3": {
				"start": { "line": 4, "column": 0 },
				"end": { "line": 4, "column": 30 }
			},
			"4": {
				"start": { "line": 5, "column": 0 },
				"end": { "line": 5, "column": 8 }
			},
			"5": {
				"start": { "line": 6, "column": 0 },
				"end": { "line": 6, "column": 3 }
			},
			"6": {
				"start": { "line": 7, "column": 0 },
				"end": { "line": 7, "column": 2 }
			},
			"7": {
				"start": { "line": 8, "column": 0 },
				"end": { "line": 8, "column": 0 }
			},
			"8": {
				"start": { "line": 9, "column": 0 },
				"end": { "line": 9, "column": 21 }
			}
		},
		"s": {
			"0": 1,
			"1": 1,
			"2": 1,
			"3": 1,
			"4": 1,
			"5": 1,
			"6": 1,
			"7": 1,
			"8": 1
		},
		"branchMap": {
			"0": {
				"type": "branch",
				"line": 1,
				"loc": {
					"start": { "line": 1, "column": 14 },
					"end": { "line": 7, "column": 2 }
				},
				"locations": [
					{
						"start": { "line": 1, "column": 14 },
						"end": { "line": 7, "column": 2 }
					}
				]
			}
		},
		"b": { "0": [1] },
		"fnMap": {
			"0": {
				"name": "Login",
				"decl": {
					"start": { "line": 1, "column": 14 },
					"end": { "line": 7, "column": 2 }
				},
				"loc": {
					"start": { "line": 1, "column": 14 },
					"end": { "line": 7, "column": 2 }
				},
				"line": 1
			}
		},
		"f": { "0": 1 }
	}
}
